12:30:14 Runnning command: git switch release-6.3
Your branch is up to date with 'origin/release-6.3'.
Switched to branch 'release-6.3'
12:30:15 Runnning command: git pull
Already up to date.
12:30:15 Commit id: 482b3cd5a69a186716cfa3c73d577540fae5886c
12:30:15 Runnning command: cmake -G "Visual Studio 16 2019" -A x64 -T ClangCL -DBOOST_ROOT=D:\source\boost SourceDir D:\ci\fdb-nightlies\foundationdb
-- Selecting Windows SDK version 10.0.19041.0 to target Windows 10.0.19043.
-- The C compiler identification is Clang 12.0.0 with MSVC-like command-line
-- The CXX compiler identification is Clang 12.0.0 with MSVC-like command-line
-- The ASM compiler identification is Clang
-- Found assembler: C:/Program Files (x86)/Microsoft Visual Studio/2019/Professional/VC/Tools/Llvm/x64/bin/clang-cl.exe
-- Detecting C compiler ABI info
-- Detecting C compiler ABI info - done
-- Check for working C compiler: C:/Program Files (x86)/Microsoft Visual Studio/2019/Professional/VC/Tools/Llvm/x64/bin/clang-cl.exe - skipped
-- Detecting C compile features
-- Detecting C compile features - done
-- Detecting CXX compiler ABI info
-- Detecting CXX compiler ABI info - done
-- Check for working CXX compiler: C:/Program Files (x86)/Microsoft Visual Studio/2019/Professional/VC/Tools/Llvm/x64/bin/clang-cl.exe - skipped
-- Detecting CXX compile features
-- Detecting CXX compile features - done
-- D:/ci/fdb-nightlies/foundationdb D:/ci/fdb-nightlies/build
-- Looking for pthread.h
-- Looking for pthread.h - not found
-- Found Threads: TRUE  
-- Could NOT find OpenSSL, try to set the path to OpenSSL root folder in the system variable OPENSSL_ROOT_DIR (missing: OPENSSL_CRYPTO_LIBRARY OPENSSL_INCLUDE_DIR) 
-- OpenSSL was not found - Will compile without TLS Support
-- You can set OPENSSL_ROOT_DIR to help cmake find it
-- TLS is temporarilty disabled on macOS while libressl -> openssl transition happens
-- Found JNI: C:/Program Files/RedHat/java-1.8.0-openjdk-1.8.0.292-2/lib/jawt.lib (Required is at least version "1.8") 
-- Found Java: C:/Program Files/RedHat/java-1.8.0-openjdk-1.8.0.292-2/bin/java.exe (found suitable version "1.8.0.292", minimum required is "1.8") found components: Development 
-- Found Python: C:/Program Files/Python/Python39/python.exe (found version "3.9.6") found components: Interpreter 
-- Found Python3: C:/Program Files/Python/Python39/python.exe (found version "3.9.6") found components: Interpreter 
-- Current git version 482b3cd5a69a186716cfa3c73d577540fae5886c
-- FDB version is 6.3.20
-- FDB package name is 6.3
-- The CSharp compiler identification is Microsoft unknown 9999
-- The CSharp compiler version is 3.11.0
-- Check for working C# compiler: C:/Program Files (x86)/Microsoft Visual Studio/2019/Professional/MSBuild/Current/Bin/Roslyn/csc.exe
-- Check for working C# compiler: C:/Program Files (x86)/Microsoft Visual Studio/2019/Professional/MSBuild/Current/Bin/Roslyn/csc.exe - works
-- FDB_INSTALL_DIRS -> BIN;SBIN;LIB;FDBMONITOR;INCLUDE;ETC;LOG;DATA;BACKUPAGENT
-- Found Boost: D:/source/boost (found suitable version "1.76.0", minimum required is "1.72")  
-- Use old fdb at C:/Program Files/foundationdb/bin/fdbserver.exe
-- ADDING SIMULATOR TEST 0 fast/ReadHotDetectionCorrectness
-- ADDING SIMULATOR TEST 1 SimpleExternalTest
-- ADDING SIMULATOR TEST 2 fast/AtomicBackupCorrectness
-- ADDING SIMULATOR TEST 3 fast/AtomicBackupToDBCorrectness
-- ADDING SIMULATOR TEST 4 fast/AtomicOps
-- ADDING SIMULATOR TEST 5 fast/AtomicOpsApiCorrectness
-- ADDING SIMULATOR TEST 6 fast/BackupCorrectness
-- ADDING SIMULATOR TEST 7 fast/BackupCorrectnessClean
-- ADDING SIMULATOR TEST 8 fast/BackupToDBCorrectness
-- ADDING SIMULATOR TEST 9 fast/BackupToDBCorrectnessClean
-- ADDING SIMULATOR TEST 10 fast/CloggedSideband
-- ADDING SIMULATOR TEST 11 fast/ConfigureLocked
-- ADDING SIMULATOR TEST 12 fast/ConstrainedRandomSelector
-- ADDING SIMULATOR TEST 13 fast/CycleAndLock
-- ADDING SIMULATOR TEST 14 fast/CycleTest
-- ADDING SIMULATOR TEST 15 fast/FuzzApiCorrectness
-- ADDING SIMULATOR TEST 16 fast/FuzzApiCorrectnessClean
-- ADDING SIMULATOR TEST 17 fast/IncrementTest
-- ADDING SIMULATOR TEST 18 fast/InventoryTestAlmostReadOnly
-- ADDING SIMULATOR TEST 19 fast/InventoryTestSomeWrites
-- ADDING SIMULATOR TEST 20 fast/KillRegionCycle
-- ADDING SIMULATOR TEST 21 fast/LocalRatekeeper
-- ADDING SIMULATOR TEST 22 fast/LongStackWriteDuringRead
-- ADDING SIMULATOR TEST 23 fast/LowLatency
-- ADDING SIMULATOR TEST 24 fast/MemoryLifetime
-- ADDING SIMULATOR TEST 25 fast/MoveKeysCycle
-- ADDING SIMULATOR TEST 26 fast/RandomSelector
-- ADDING SIMULATOR TEST 27 fast/RandomUnitTests
-- ADDING SIMULATOR TEST 28 fast/ReportConflictingKeys
-- ADDING SIMULATOR TEST 29 fast/SelectorCorrectness
-- ADDING SIMULATOR TEST 30 fast/Sideband
-- ADDING SIMULATOR TEST 31 fast/SidebandWithStatus
-- ADDING SIMULATOR TEST 32 fast/SpecialKeySpaceCorrectness
-- ADDING SIMULATOR TEST 33 fast/SwizzledRollbackSideband
-- ADDING SIMULATOR TEST 34 fast/SystemRebootTestCycle
-- ADDING SIMULATOR TEST 35 fast/TaskBucketCorrectness
-- ADDING SIMULATOR TEST 36 fast/TimeKeeperCorrectness
-- ADDING SIMULATOR TEST 37 fast/TxnStateStoreCycleTest
-- ADDING SIMULATOR TEST 38 fast/Unreadable
-- ADDING SIMULATOR TEST 39 fast/VersionStamp
-- ADDING SIMULATOR TEST 40 fast/Watches
-- ADDING SIMULATOR TEST 41 fast/WriteDuringRead
-- ADDING SIMULATOR TEST 42 fast/WriteDuringReadClean
-- ADDING SIMULATOR TEST 43 rare/CheckRelocation
-- ADDING SIMULATOR TEST 44 rare/ClogUnclog
-- ADDING SIMULATOR TEST 45 rare/CloggedCycleWithKills
-- ADDING SIMULATOR TEST 46 rare/ConflictRangeCheck
-- ADDING SIMULATOR TEST 47 rare/ConflictRangeRYOWCheck
-- ADDING SIMULATOR TEST 48 rare/CycleRollbackClogged
-- ADDING SIMULATOR TEST 49 rare/CycleWithKills
-- ADDING SIMULATOR TEST 50 rare/Downgrade
-- ADDING SIMULATOR TEST 51 rare/FuzzTest
-- ADDING SIMULATOR TEST 52 rare/InventoryTestHeavyWrites
-- ADDING SIMULATOR TEST 53 rare/LargeApiCorrectness
-- ADDING SIMULATOR TEST 54 rare/LargeApiCorrectnessStatus
-- ADDING SIMULATOR TEST 55 rare/RYWDisable
-- ADDING SIMULATOR TEST 56 rare/RandomReadWriteTest
-- ADDING SIMULATOR TEST 57 rare/SwizzledLargeApiCorrectness
-- ADDING SIMULATOR TEST 58 rare/RedwoodCorrectnessBTree
-- ADDING SIMULATOR TEST 59 rare/TransactionTagApiCorrectness
-- ADDING SIMULATOR TEST 60 rare/TransactionTagSwizzledApiCorrectness
-- ADDING SIMULATOR TEST 61 restarting/from_7.0.0/ConfigureTestRestart-1
-- ADDING SIMULATOR TEST 63 restarting/from_5.0.0/CycleTestRestart-1
-- ADDING SIMULATOR TEST 65 restarting/from_5.0.0/StorefrontTestRestart-1
-- ADDING SIMULATOR TEST 67 restarting/from_6.2.33/SnapTestAttrition-1
-- ADDING SIMULATOR TEST 69 restarting/from_6.2.33/SnapTestSimpleRestart-1
-- ADDING SIMULATOR TEST 71 restarting/from_6.2.33/SnapTestRestart-1
-- ADDING SIMULATOR TEST 73 restarting/from_6.2.33/SnapCycleRestart-1
-- ADDING SIMULATOR TEST 75 restarting/from_5.1.7/DrUpgradeRestart-1
-- ADDING SIMULATOR TEST 77 restarting/from_5.2.0/ClientTransactionProfilingCorrectness-1
-- ADDING SIMULATOR TEST 79 restarting/to_6.2.33/CycleTestRestart-1
-- ADDING SIMULATOR TEST 81 slow/ApiCorrectness
-- ADDING SIMULATOR TEST 82 slow/ApiCorrectnessAtomicRestore
-- ADDING SIMULATOR TEST 83 slow/ApiCorrectnessSwitchover
-- ADDING SIMULATOR TEST 84 slow/ClogWithRollbacks
-- ADDING SIMULATOR TEST 85 slow/CloggedCycleTest
-- ADDING SIMULATOR TEST 86 slow/CloggedStorefront
-- ADDING SIMULATOR TEST 87 slow/CommitBug
-- ADDING SIMULATOR TEST 88 slow/ConfigureTest
-- ADDING SIMULATOR TEST 89 slow/CycleRollbackPlain
-- ADDING SIMULATOR TEST 90 slow/DDBalanceAndRemove
-- ADDING SIMULATOR TEST 91 slow/DDBalanceAndRemoveStatus
-- ADDING SIMULATOR TEST 92 slow/DifferentClustersSameRV
-- ADDING SIMULATOR TEST 93 slow/FastTriggeredWatches
-- ADDING SIMULATOR TEST 94 slow/LowLatencyWithFailures
-- ADDING SIMULATOR TEST 95 slow/MoveKeysClean
-- ADDING SIMULATOR TEST 96 slow/MoveKeysSideband
-- ADDING SIMULATOR TEST 97 slow/RyowCorrectness
-- ADDING SIMULATOR TEST 98 slow/Serializability
-- ADDING SIMULATOR TEST 99 slow/SharedBackupCorrectness
-- ADDING SIMULATOR TEST 100 slow/SharedBackupToDBCorrectness
-- ADDING SIMULATOR TEST 101 slow/StorefrontTest
-- ADDING SIMULATOR TEST 102 slow/SwizzledApiCorrectness
-- ADDING SIMULATOR TEST 103 slow/SwizzledCycleTest
-- ADDING SIMULATOR TEST 104 slow/SwizzledDdBalance
-- ADDING SIMULATOR TEST 105 slow/SwizzledRollbackTimeLapse
-- ADDING SIMULATOR TEST 106 slow/SwizzledRollbackTimeLapseIncrement
-- ADDING SIMULATOR TEST 107 slow/VersionStampBackupToDB
-- ADDING SIMULATOR TEST 108 slow/VersionStampSwitchover
-- ADDING SIMULATOR TEST 109 slow/WriteDuringReadAtomicRestore
-- ADDING SIMULATOR TEST 110 slow/WriteDuringReadSwitchover
-- ADDING SIMULATOR TEST 111 slow/ddbalance
-- ADDING SIMULATOR TEST 112 slow/ParallelRestoreNewBackupCorrectnessAtomicOp
-- ADDING SIMULATOR TEST 113 slow/ParallelRestoreNewBackupCorrectnessCycle
-- ADDING SIMULATOR TEST 114 slow/ParallelRestoreNewBackupCorrectnessMultiCycles
-- ADDING SIMULATOR TEST 115 slow/ParallelRestoreNewBackupWriteDuringReadAtomicRestore
-- ADDING SIMULATOR TEST 116 slow/ParallelRestoreOldBackupCorrectnessAtomicOp
-- ADDING SIMULATOR TEST 117 slow/ParallelRestoreOldBackupCorrectnessCycle
-- ADDING SIMULATOR TEST 118 slow/ParallelRestoreOldBackupCorrectnessMultiCycles
-- ADDING SIMULATOR TEST 119 slow/ParallelRestoreOldBackupWriteDuringReadAtomicRestore
-- ADDING SIMULATOR TEST 120 status/invalid_proc_addresses
-- ADDING SIMULATOR TEST 121 status/local_6_machine_no_replicas_remain
-- ADDING SIMULATOR TEST 122 status/separate_1_of_3_coordinators_remain
-- ADDING SIMULATOR TEST 123 status/separate_2_of_3_coordinators_remain
-- ADDING SIMULATOR TEST 124 status/separate_cannot_write_cluster_file
-- ADDING SIMULATOR TEST 125 status/separate_idle
-- ADDING SIMULATOR TEST 126 status/separate_initializing
-- ADDING SIMULATOR TEST 127 status/separate_no_coordinators
-- ADDING SIMULATOR TEST 128 status/separate_no_database
-- ADDING SIMULATOR TEST 129 status/separate_no_servers
-- ADDING SIMULATOR TEST 130 status/separate_not_enough_servers
-- ADDING SIMULATOR TEST 131 status/single_process_too_many_config_params
-- The ASM_MASM compiler identification is unknown
-- Found assembler: ml64
-- Building fat jar to D:/ci/fdb-nightlies/build/packages
-- Add html target
-- add_custom_target(html DEPENDS D:/ci/fdb-nightlies/build/documentation/html_done)
-- math(EXPRport(0x572578c0d838024 % 8000) + 8000OUTPUT_FORMATDECIMAL)
-- Port is 14244
-- Found WIX: C:/Program Files (x86)/WiX Toolset v3.11/bin/candle.exe  
-- =========================================
--    Components Build Overview 
-- =========================================
-- Build Java Bindings:                  ON
-- Build with TLS support:               OFF
-- Build Go bindings:                    OFF
-- Build Ruby bindings:                  OFF
-- Build Python sdist (make package):    ON
-- Build Documentation (make html):      ON
-- Build Bindings (depends on Python):   ON
-- Configure CTest (depends on Python):  ON
-- Build with RocksDB:                   OFF
-- =========================================
-- CPACK_COMPONENTS_ALL 
-- Configuring done
-- Generating done
-- Build files have been written to: D:/ci/fdb-nightlies/build
